/Users/aileen/Downloads/pamm/solana-pamm-analysis/solana-pamm-MEV-binary-monte-analysis/scripts/plot_mev_comparison.py:78: FutureWarning: 

Passing `palette` without assigning `hue` is deprecated and will be removed in v0.14.0. Assign the `y` variable to `hue` and set `legend=False` for the same effect.

  sns.barplot(x=y, y=x, palette='viridis')
/Users/aileen/Downloads/pamm/solana-pamm-analysis/solana-pamm-MEV-binary-monte-analysis/scripts/plot_mev_comparison.py:120: FutureWarning: 

Passing `palette` without assigning `hue` is deprecated and will be removed in v0.14.0. Assign the `y` variable to `hue` and set `legend=False` for the same effect.

  sns.barplot(x='count', y='attacker_signer', data=s, palette='cubehelix')
/Users/aileen/Downloads/pamm/solana-pamm-analysis/solana-pamm-MEV-binary-monte-analysis/scripts/plot_mev_comparison.py:174: FutureWarning: 

Passing `palette` without assigning `hue` is deprecated and will be removed in v0.14.0. Assign the `x` variable to `hue` and set `legend=False` for the same effect.

  ax = sns.countplot(data=df_fat, x='amm_trade', order=order, palette='tab10')
/Users/aileen/Downloads/pamm/solana-pamm-analysis/solana-pamm-MEV-binary-monte-analysis/scripts/plot_mev_comparison.py:187: FutureWarning: 

Passing `palette` without assigning `hue` is deprecated and will be removed in v0.14.0. Assign the `x` variable to `hue` and set `legend=False` for the same effect.

  ax = sns.boxplot(data=df_box, x='amm_trade', y='net_profit_sol', order=order, palette='tab10')
/Users/aileen/Downloads/pamm/solana-pamm-analysis/solana-pamm-MEV-binary-monte-analysis/scripts/plot_mev_comparison.py:217: FutureWarning: 

Passing `palette` without assigning `hue` is deprecated and will be removed in v0.14.0. Assign the `y` variable to `hue` and set `legend=False` for the same effect.

  sns.barplot(data=df_top20_sorted, x='net_profit_sol', y='attacker_signer', palette='magma')
/Users/aileen/Downloads/pamm/solana-pamm-analysis/solana-pamm-MEV-binary-monte-analysis/scripts/plot_mev_comparison.py:239: FutureWarning: 

Passing `palette` without assigning `hue` is deprecated and will be removed in v0.14.0. Assign the `x` variable to `hue` and set `legend=False` for the same effect.

  ax = sns.barplot(data=summary, x='amm_trade', y='count', palette='tab10')
Dataframes loaded:
 - attacker_stats: yes
 - mev_risk_by_validator: no
 - event-level per_pamm: yes
Saved: outputs/plots/top_attackers.png
Saved: outputs/plots/top_attackers_by_event_count.png

All plots and CSV summaries saved to outputs/plots
Plots saved to: /Users/aileen/Downloads/pamm/solana-pamm-analysis/solana-pamm-MEV-binary-monte-analysis/02_mev_detection/filtered_output/plots

Summary (per AMM):
amm_trade  count  max_profit
 HumidiFi    167      13.716
  BisonFi    111       2.079
   GoonFi    101       0.846
  SolFiV2     95       1.818
 TesseraV     93       1.602
   ZeroFi     47       0.279
  ObricV2      3       0.045

Top files created:
 - amm_count_and_maxprofit.png
 - classification_breakdown_pie.png
 - confidence_per_amm_stacked.png
 - fat_sandwich_count_per_amm.png
 - net_profit_distribution_per_amm.png
 - net_profit_histogram_fat.png
 - top20_net_profit_bar.png
